<?xml version="1.0" encoding="UTF-8"?>
<testng-results ignored="0" total="1" passed="1" failed="0" skipped="0">
  <reporter-output>
  </reporter-output>
  <suite started-at="2022-01-30T19:33:13 IST" name="Default suite" finished-at="2022-01-30T19:33:59 IST" duration-ms="46118">
    <groups>
    </groups>
    <test started-at="2022-01-30T19:33:13 IST" name="Default test" finished-at="2022-01-30T19:33:59 IST" duration-ms="46118">
      <class name="WeatherShopperTestScenarios.E2E_Testcase">
        <test-method is-config="true" signature="beforesuite()[pri:0, instance:WeatherShopperTestScenarios.E2E_Testcase@7d9d0818]" started-at="2022-01-30T19:33:13 IST" name="beforesuite" finished-at="2022-01-30T19:33:13 IST" duration-ms="13" status="PASS">
          <reporter-output>
          </reporter-output>
        </test-method> <!-- beforesuite -->
        <test-method is-config="true" signature="beforeClass()[pri:0, instance:WeatherShopperTestScenarios.E2E_Testcase@7d9d0818]" started-at="2022-01-30T19:33:13 IST" name="beforeClass" finished-at="2022-01-30T19:33:19 IST" duration-ms="5764" status="PASS">
          <reporter-output>
          </reporter-output>
        </test-method> <!-- beforeClass -->
        <test-method signature="ExecuteWeathershopper()[pri:0, instance:WeatherShopperTestScenarios.E2E_Testcase@7d9d0818]" started-at="2022-01-30T19:33:19 IST" name="ExecuteWeathershopper" finished-at="2022-01-30T19:33:58 IST" duration-ms="38592" status="PASS">
          <reporter-output>
          </reporter-output>
        </test-method> <!-- ExecuteWeathershopper -->
        <test-method is-config="true" signature="afterTest()[pri:0, instance:WeatherShopperTestScenarios.E2E_Testcase@7d9d0818]" started-at="2022-01-30T19:33:58 IST" name="afterTest" finished-at="2022-01-30T19:33:59 IST" duration-ms="1704" status="PASS">
          <reporter-output>
          </reporter-output>
        </test-method> <!-- afterTest -->
        <test-method is-config="true" signature="Aftersuite()[pri:0, instance:WeatherShopperTestScenarios.E2E_Testcase@7d9d0818]" started-at="2022-01-30T19:33:59 IST" name="Aftersuite" finished-at="2022-01-30T19:33:59 IST" duration-ms="0" status="PASS">
          <reporter-output>
          </reporter-output>
        </test-method> <!-- Aftersuite -->
      </class> <!-- WeatherShopperTestScenarios.E2E_Testcase -->
    </test> <!-- Default test -->
  </suite> <!-- Default suite -->
</testng-results>
