<?xml version="1.0" encoding="UTF-8"?>
<testng-results ignored="0" total="1" passed="1" failed="0" skipped="0">
  <reporter-output>
  </reporter-output>
  <suite started-at="2022-01-30T20:43:55 IST" name="Suite" finished-at="2022-01-30T20:45:00 IST" duration-ms="64751">
    <groups>
    </groups>
    <test started-at="2022-01-30T20:43:55 IST" name="Test" finished-at="2022-01-30T20:45:00 IST" duration-ms="64751">
      <class name="WeatherShopperTestScenarios.E2E_Testcase">
        <test-method is-config="true" signature="beforesuite()[pri:0, instance:WeatherShopperTestScenarios.E2E_Testcase@3e11f9e9]" started-at="2022-01-30T20:43:55 IST" name="beforesuite" finished-at="2022-01-30T20:43:55 IST" duration-ms="57" status="PASS">
          <reporter-output>
          </reporter-output>
        </test-method> <!-- beforesuite -->
        <test-method is-config="true" signature="beforeClass()[pri:0, instance:WeatherShopperTestScenarios.E2E_Testcase@3e11f9e9]" started-at="2022-01-30T20:43:55 IST" name="beforeClass" finished-at="2022-01-30T20:44:15 IST" duration-ms="19842" status="PASS">
          <reporter-output>
          </reporter-output>
        </test-method> <!-- beforeClass -->
        <test-method signature="ExecuteWeathershopper()[pri:0, instance:WeatherShopperTestScenarios.E2E_Testcase@3e11f9e9]" started-at="2022-01-30T20:44:15 IST" name="ExecuteWeathershopper" finished-at="2022-01-30T20:44:57 IST" duration-ms="41201" status="PASS">
          <reporter-output>
          </reporter-output>
        </test-method> <!-- ExecuteWeathershopper -->
        <test-method is-config="true" signature="afterTest()[pri:0, instance:WeatherShopperTestScenarios.E2E_Testcase@3e11f9e9]" started-at="2022-01-30T20:44:57 IST" name="afterTest" finished-at="2022-01-30T20:45:00 IST" duration-ms="3427" status="PASS">
          <reporter-output>
          </reporter-output>
        </test-method> <!-- afterTest -->
        <test-method is-config="true" signature="Aftersuite()[pri:0, instance:WeatherShopperTestScenarios.E2E_Testcase@3e11f9e9]" started-at="2022-01-30T20:45:00 IST" name="Aftersuite" finished-at="2022-01-30T20:45:00 IST" duration-ms="1" status="PASS">
          <reporter-output>
          </reporter-output>
        </test-method> <!-- Aftersuite -->
      </class> <!-- WeatherShopperTestScenarios.E2E_Testcase -->
    </test> <!-- Test -->
  </suite> <!-- Suite -->
</testng-results>
